The target system is: Generic - 1 - 
The host system is: Linux - 5.10.102.1-microsoft-standard-WSL2 - x86_64
Compiling the C compiler identification source file "CMakeCCompilerId.c" succeeded.
Compiler: /opt/toolchains/dc/sh-elf/bin/sh-elf-gcc 
Build flags: 
Id flags:  

The output was:
0


Compilation of the C compiler identification source "CMakeCCompilerId.c" produced "a.out"

The C compiler identification is GNU, found in "/home/dreamdev/projects/kos/libraries/GLdc/dcbuild/CMakeFiles/3.16.3/CompilerIdC/a.out"

Compiling the CXX compiler identification source file "CMakeCXXCompilerId.cpp" succeeded.
Compiler: /opt/toolchains/dc/sh-elf/bin/sh-elf-g++ 
Build flags: 
Id flags:  

The output was:
0


Compilation of the CXX compiler identification source "CMakeCXXCompilerId.cpp" produced "a.out"

The CXX compiler identification is GNU, found in "/home/dreamdev/projects/kos/libraries/GLdc/dcbuild/CMakeFiles/3.16.3/CompilerIdCXX/a.out"

Determining if the C compiler works passed with the following output:
Change Dir: /home/dreamdev/projects/kos/libraries/GLdc/dcbuild/CMakeFiles/CMakeTmp

Run Build Command(s):/usr/bin/make cmTC_f0d89/fast && /usr/bin/make -f CMakeFiles/cmTC_f0d89.dir/build.make CMakeFiles/cmTC_f0d89.dir/build
make[1]: Entering directory '/mnt/e/projects/kos/libraries/GLdc/dcbuild/CMakeFiles/CMakeTmp'
Building C object CMakeFiles/cmTC_f0d89.dir/testCCompiler.c.obj
/opt/toolchains/dc/sh-elf/bin/sh-elf-gcc -DDREAMCAST -DNDEBUG -D__DREAMCAST__ -D__arch_dreamcast -D_arch_dreamcast -D_arch_sub_pristine -I/home/dreamdev/projects/kos/kallistios/include -I/home/dreamdev/projects/kos/kallistios/kernel/arch/dreamcast/include -I/home/dreamdev/projects/kos/kallistios/addons/include -I/home/dreamdev/projects/kos/kallistios/../kos-ports/include  -ml -m4-single-only -ffunction-sections -fdata-sections -o CMakeFiles/cmTC_f0d89.dir/testCCompiler.c.obj   -c /home/dreamdev/projects/kos/libraries/GLdc/dcbuild/CMakeFiles/CMakeTmp/testCCompiler.c
Linking C executable cmTC_f0d89.elf
/usr/bin/cmake -E cmake_link_script CMakeFiles/cmTC_f0d89.dir/link.txt --verbose=1
/opt/toolchains/dc/sh-elf/bin/sh-elf-gcc     -ml -m4-single-only -Wl,-Ttext=0x8c010000 -Wl,--gc-sections -T/home/dreamdev/projects/kos/kallistios/utils/ldscripts/shlelf.xc -nodefaultlibs  -L/home/dreamdev/projects/kos/kallistios/lib/dreamcast CMakeFiles/cmTC_f0d89.dir/testCCompiler.c.obj  -o cmTC_f0d89.elf   -L/home/dreamdev/projects/kos/kallistios/addons/lib/dreamcast  -L/home/dreamdev/projects/kos/kallistios/../kos-ports/lib  -L/home/dreamdev/projects/kos/kallistios/lib/dreamcast  -Wl,--start-group -lstdc++ -lkallisti -lc -lgcc -Wl,--end-group -lm 
make[1]: Leaving directory '/mnt/e/projects/kos/libraries/GLdc/dcbuild/CMakeFiles/CMakeTmp'



Determining if the CXX compiler works passed with the following output:
Change Dir: /home/dreamdev/projects/kos/libraries/GLdc/dcbuild/CMakeFiles/CMakeTmp

Run Build Command(s):/usr/bin/make cmTC_72c97/fast && /usr/bin/make -f CMakeFiles/cmTC_72c97.dir/build.make CMakeFiles/cmTC_72c97.dir/build
make[1]: Entering directory '/mnt/e/projects/kos/libraries/GLdc/dcbuild/CMakeFiles/CMakeTmp'
Building CXX object CMakeFiles/cmTC_72c97.dir/testCXXCompiler.cxx.obj
/opt/toolchains/dc/sh-elf/bin/sh-elf-g++  -DDREAMCAST -DNDEBUG -D__DREAMCAST__ -D__arch_dreamcast -D_arch_dreamcast -D_arch_sub_pristine -I/home/dreamdev/projects/kos/kallistios/include -I/home/dreamdev/projects/kos/kallistios/kernel/arch/dreamcast/include -I/home/dreamdev/projects/kos/kallistios/addons/include -I/home/dreamdev/projects/kos/kallistios/../kos-ports/include  -ml -m4-single-only -ffunction-sections -fdata-sections -o CMakeFiles/cmTC_72c97.dir/testCXXCompiler.cxx.obj -c /home/dreamdev/projects/kos/libraries/GLdc/dcbuild/CMakeFiles/CMakeTmp/testCXXCompiler.cxx
Linking CXX executable cmTC_72c97.elf
/usr/bin/cmake -E cmake_link_script CMakeFiles/cmTC_72c97.dir/link.txt --verbose=1
/opt/toolchains/dc/sh-elf/bin/sh-elf-g++      -ml -m4-single-only -Wl,-Ttext=0x8c010000 -Wl,--gc-sections -T/home/dreamdev/projects/kos/kallistios/utils/ldscripts/shlelf.xc -nodefaultlibs  -L/home/dreamdev/projects/kos/kallistios/lib/dreamcast CMakeFiles/cmTC_72c97.dir/testCXXCompiler.cxx.obj  -o cmTC_72c97.elf   -L/home/dreamdev/projects/kos/kallistios/addons/lib/dreamcast  -L/home/dreamdev/projects/kos/kallistios/../kos-ports/lib  -L/home/dreamdev/projects/kos/kallistios/lib/dreamcast  -Wl,--start-group -lstdc++ -lkallisti -lc -lgcc -Wl,--end-group -lm 
make[1]: Leaving directory '/mnt/e/projects/kos/libraries/GLdc/dcbuild/CMakeFiles/CMakeTmp'



Performing C SOURCE FILE Test COMPILER_HAS_FSRRA succeeded with the following output:
Change Dir: /home/dreamdev/projects/kos/libraries/GLdc/dcbuild/CMakeFiles/CMakeTmp

Run Build Command(s):/usr/bin/make cmTC_1c103/fast && /usr/bin/make -f CMakeFiles/cmTC_1c103.dir/build.make CMakeFiles/cmTC_1c103.dir/build
make[1]: Entering directory '/mnt/e/projects/kos/libraries/GLdc/dcbuild/CMakeFiles/CMakeTmp'
Building C object CMakeFiles/cmTC_1c103.dir/src.c.obj
/opt/toolchains/dc/sh-elf/bin/sh-elf-gcc -DDREAMCAST -DNDEBUG -D__DREAMCAST__ -D__arch_dreamcast -D_arch_dreamcast -D_arch_sub_pristine -I/home/dreamdev/projects/kos/kallistios/include -I/home/dreamdev/projects/kos/kallistios/kernel/arch/dreamcast/include -I/home/dreamdev/projects/kos/kallistios/addons/include -I/home/dreamdev/projects/kos/kallistios/../kos-ports/include  -DCOMPILER_HAS_FSRRA   -mfsrra -ml -m4-single-only -ffunction-sections -fdata-sections -o CMakeFiles/cmTC_1c103.dir/src.c.obj   -c /home/dreamdev/projects/kos/libraries/GLdc/dcbuild/CMakeFiles/CMakeTmp/src.c
Linking C executable cmTC_1c103.elf
/usr/bin/cmake -E cmake_link_script CMakeFiles/cmTC_1c103.dir/link.txt --verbose=1
/opt/toolchains/dc/sh-elf/bin/sh-elf-gcc  -DCOMPILER_HAS_FSRRA   -ml -m4-single-only -Wl,-Ttext=0x8c010000 -Wl,--gc-sections -T/home/dreamdev/projects/kos/kallistios/utils/ldscripts/shlelf.xc -nodefaultlibs  -L/home/dreamdev/projects/kos/kallistios/lib/dreamcast CMakeFiles/cmTC_1c103.dir/src.c.obj  -o cmTC_1c103.elf   -L/home/dreamdev/projects/kos/kallistios/addons/lib/dreamcast  -L/home/dreamdev/projects/kos/kallistios/../kos-ports/lib  -L/home/dreamdev/projects/kos/kallistios/lib/dreamcast  -Wl,--start-group -lstdc++ -lkallisti -lc -lgcc -Wl,--end-group -lm 
make[1]: Leaving directory '/mnt/e/projects/kos/libraries/GLdc/dcbuild/CMakeFiles/CMakeTmp'


Source file was:
int main(void) { return 0; }
Performing C SOURCE FILE Test COMPILER_HAS_FSCA succeeded with the following output:
Change Dir: /home/dreamdev/projects/kos/libraries/GLdc/dcbuild/CMakeFiles/CMakeTmp

Run Build Command(s):/usr/bin/make cmTC_4da19/fast && /usr/bin/make -f CMakeFiles/cmTC_4da19.dir/build.make CMakeFiles/cmTC_4da19.dir/build
make[1]: Entering directory '/mnt/e/projects/kos/libraries/GLdc/dcbuild/CMakeFiles/CMakeTmp'
Building C object CMakeFiles/cmTC_4da19.dir/src.c.obj
/opt/toolchains/dc/sh-elf/bin/sh-elf-gcc -DDREAMCAST -DNDEBUG -D__DREAMCAST__ -D__arch_dreamcast -D_arch_dreamcast -D_arch_sub_pristine -I/home/dreamdev/projects/kos/kallistios/include -I/home/dreamdev/projects/kos/kallistios/kernel/arch/dreamcast/include -I/home/dreamdev/projects/kos/kallistios/addons/include -I/home/dreamdev/projects/kos/kallistios/../kos-ports/include  -DCOMPILER_HAS_FSCA   -mfsca -ml -m4-single-only -ffunction-sections -fdata-sections -o CMakeFiles/cmTC_4da19.dir/src.c.obj   -c /home/dreamdev/projects/kos/libraries/GLdc/dcbuild/CMakeFiles/CMakeTmp/src.c
Linking C executable cmTC_4da19.elf
/usr/bin/cmake -E cmake_link_script CMakeFiles/cmTC_4da19.dir/link.txt --verbose=1
/opt/toolchains/dc/sh-elf/bin/sh-elf-gcc  -DCOMPILER_HAS_FSCA   -ml -m4-single-only -Wl,-Ttext=0x8c010000 -Wl,--gc-sections -T/home/dreamdev/projects/kos/kallistios/utils/ldscripts/shlelf.xc -nodefaultlibs  -L/home/dreamdev/projects/kos/kallistios/lib/dreamcast CMakeFiles/cmTC_4da19.dir/src.c.obj  -o cmTC_4da19.elf   -L/home/dreamdev/projects/kos/kallistios/addons/lib/dreamcast  -L/home/dreamdev/projects/kos/kallistios/../kos-ports/lib  -L/home/dreamdev/projects/kos/kallistios/lib/dreamcast  -Wl,--start-group -lstdc++ -lkallisti -lc -lgcc -Wl,--end-group -lm 
make[1]: Leaving directory '/mnt/e/projects/kos/libraries/GLdc/dcbuild/CMakeFiles/CMakeTmp'


Source file was:
int main(void) { return 0; }
